<?xml version="1.0" encoding="UTF-8"?>
<coverage generated="1775517937379" clover="3.2.0">
  <project timestamp="1775517937379" name="All files">
    <metrics statements="7" coveredstatements="7" conditionals="4" coveredconditionals="4" methods="2" coveredmethods="2" elements="13" coveredelements="13" complexity="0" loc="7" ncloc="7" packages="1" files="1" classes="1"/>
    <file name="businessLogic.js" path="C:\Users\13548\Desktop\daliy-time-tracker3.0\Itas282_final-project-Jason\DailyTimeTracker\utils\businessLogic.js">
      <metrics statements="7" coveredstatements="7" conditionals="4" coveredconditionals="4" methods="2" coveredmethods="2"/>
      <line num="2" count="2" type="stmt"/>
      <line num="3" count="2" type="stmt"/>
      <line num="5" count="2" type="cond" truecount="2" falsecount="0"/>
      <line num="6" count="1" type="stmt"/>
      <line num="9" count="1" type="stmt"/>
      <line num="10" count="1" type="stmt"/>
      <line num="14" count="3" type="cond" truecount="2" falsecount="0"/>
    </file>
  </project>
</coverage>
