{"C:\\Users\\13548\\Desktop\\finalproject\\Itas282_final-project-Jason\\daily-time-tracker\\src\\utils\\timeUtils.js": {"path":"C:\\Users\\13548\\Desktop\\finalproject\\Itas282_final-project-Jason\\daily-time-tracker\\src\\utils\\timeUtils.js","statementMap":{"0":{"start":{"line":2,"column":4},"end":{"line":2,"column":17}},"1":{"start":{"line":6,"column":2},"end":{"line":6,"column":15}},"2":{"start":{"line":10,"column":2},"end":{"line":10,"column":22}},"3":{"start":{"line":14,"column":15},"end":{"line":14,"column":39}},"4":{"start":{"line":15,"column":15},"end":{"line":15,"column":27}},"5":{"start":{"line":16,"column":2},"end":{"line":16,"column":27}},"6":{"start":{"line":20,"column":2},"end":{"line":20,"column":11}}},"fnMap":{"0":{"name":"addTimes","decl":{"start":{"line":1,"column":16},"end":{"line":1,"column":24}},"loc":{"start":{"line":1,"column":31},"end":{"line":3,"column":1}},"line":1},"1":{"name":"subtract","decl":{"start":{"line":5,"column":16},"end":{"line":5,"column":24}},"loc":{"start":{"line":5,"column":31},"end":{"line":7,"column":1}},"line":5},"2":{"name":"secondsToMinutes","decl":{"start":{"line":9,"column":16},"end":{"line":9,"column":32}},"loc":{"start":{"line":9,"column":42},"end":{"line":11,"column":1}},"line":9},"3":{"name":"formatTime","decl":{"start":{"line":13,"column":16},"end":{"line":13,"column":26}},"loc":{"start":{"line":13,"column":36},"end":{"line":17,"column":1}},"line":13},"4":{"name":"reset","decl":{"start":{"line":19,"column":16},"end":{"line":19,"column":21}},"loc":{"start":{"line":19,"column":24},"end":{"line":21,"column":null}},"line":19}},"branchMap":{},"s":{"0":1,"1":1,"2":1,"3":1,"4":1,"5":1,"6":1},"f":{"0":1,"1":1,"2":1,"3":1,"4":1},"b":{},"meta":{"lastBranch":0,"lastFunction":5,"lastStatement":7,"seen":{"f:1:16:1:24":0,"s:2:4:2:17":0,"f:5:16:5:24":1,"s:6:2:6:15":1,"f:9:16:9:32":2,"s:10:2:10:22":2,"f:13:16:13:26":3,"s:14:15:14:39":3,"s:15:15:15:27":4,"s:16:2:16:27":5,"f:19:16:19:21":4,"s:20:2:20:11":6}}}
}
